try to delete log file %s16:35:42 cron.go:136: /Users/xuejian/GolandProjects/tank_master/tmp/log/tank-2023-06-10.log
[ERROR]16:35:42 tank_logger.go:122: log file /Users/xuejian/GolandProjects/tank_master/tmp/log/tank-2023-06-10.log not exist, skip
[INFO ]16:40:42 dashboard_service.go:72: ETL dashboard data from 2023-07-09 00:00:00 to 2023-07-09 23:59:59
[INFO ]16:40:42 dashboard_service.go:77:  2023-07-09 already exits. delete it and insert new one.
[INFO ]16:40:43 dashboard_service.go:98: Dashboard Summery 1. invokeNum = 64, totalInvokeNum = 128, UV = 1, totalUV = 1, matterNum = 0, totalMatterNum = 1
[INFO ]16:40:43 dashboard_service.go:101: Dashboard Summery 2. matterSize = 0, totalMatterSize = 212703, cacheSize = 0, totalCacheSize = 0, avgCost = 57
[INFO ]16:40:43 dashboard_service.go:72: ETL dashboard data from 2023-07-10 00:00:00 to 2023-07-10 23:59:59
[INFO ]16:40:43 dashboard_service.go:98: Dashboard Summery 1. invokeNum = 0, totalInvokeNum = 128, UV = 0, totalUV = 1, matterNum = 0, totalMatterNum = 1
[INFO ]16:40:43 dashboard_service.go:101: Dashboard Summery 2. matterSize = 0, totalMatterSize = 212703, cacheSize = 0, totalCacheSize = 0, avgCost = 0
[INFO ]16:45:42 footprint_service.go:107: Delete footprint data before 2023-07-02 00:00:00
[INFO ]13:26:49 tank_logger.go:34: [cron job] Every day 00:00 maintain log file.
[WARN ]13:26:49 tank_config.go:139: read config file /Users/xuejian/GolandProjects/tank_master/tmp/conf/tank.json
[INFO ]13:26:49 tank_config.go:171: use config file: /Users/xuejian/GolandProjects/tank_master/tmp/conf/tank.json
[INFO ]13:26:49 tank_config.go:172: file storage location: /Users/xuejian/GolandProjects/tank_master/tmp/matter
[INFO ]13:26:49 footprint_service.go:96: Immediately delete Footprint data of 8 days ago.
[INFO ]13:26:49 footprint_service.go:107: Delete footprint data before 2023-07-11 00:00:00
[INFO ]13:26:49 task_service.go:65: [cron job] Every day 00:10 delete Footprint data of 8 days ago.
[INFO ]13:26:49 task_service.go:77: [cron job] Everyday 00:05 ETL dashboard data.
[INFO ]13:26:49 task_service.go:89: [cron job] Everyday 01:00 Clean deleted matters.
[INFO ]13:26:49 task_service.go:170: scan task not enabled.
[INFO ]13:26:49 dashboard_service.go:51: Immediately ETL dashboard data.
[INFO ]13:26:49 tank_application.go:153: App started at http://localhost:6010
[INFO ]13:26:49 dashboard_service.go:72: ETL dashboard data from 2023-07-18 00:00:00 to 2023-07-18 23:59:59
[INFO ]13:26:49 dashboard_service.go:98: Dashboard Summery 1. invokeNum = 0, totalInvokeNum = 0, UV = 0, totalUV = 0, matterNum = 0, totalMatterNum = 1
[INFO ]13:26:49 dashboard_service.go:101: Dashboard Summery 2. matterSize = 0, totalMatterSize = 212703, cacheSize = 0, totalCacheSize = 0, avgCost = 0
[INFO ]13:26:49 dashboard_service.go:72: ETL dashboard data from 2023-07-19 00:00:00 to 2023-07-19 23:59:59
[INFO ]13:26:49 dashboard_service.go:98: Dashboard Summery 1. invokeNum = 0, totalInvokeNum = 0, UV = 0, totalUV = 0, matterNum = 0, totalMatterNum = 1
[INFO ]13:26:49 dashboard_service.go:101: Dashboard Summery 2. matterSize = 0, totalMatterSize = 212703, cacheSize = 0, totalCacheSize = 0, avgCost = 0
[INFO ]13:26:58 footprint_service.go:90: Ip:[ Cost:21 Uri:/api/preference/fetch Params:{}
[INFO ]13:26:58 footprint_service.go:90: Ip:[ Cost:0 Uri:/api/user/info Params:{}
[INFO ]13:26:59 footprint_service.go:90: Ip:[ Cost:7 Uri:/api/matter/page Params:{"deleted":["false"],"orderCreateTime":["DESC"],"orderDir":["DESC"],"page":["0"],"pageSize":["500"],"puuid":["root"]}
[INFO ]00:56:59 tank_logger.go:89: maintain log
