try to delete log file %s12:26:18 cron.go:136: /Users/xuejian/GolandProjects/tank_master/tmp/log/tank-2023-06-06.log
[ERROR]12:26:18 tank_logger.go:122: log file /Users/xuejian/GolandProjects/tank_master/tmp/log/tank-2023-06-06.log not exist, skip
[INFO ]12:31:18 dashboard_service.go:72: ETL dashboard data from 2023-07-05 00:00:00 to 2023-07-05 23:59:59
[INFO ]12:31:18 dashboard_service.go:77:  2023-07-05 already exits. delete it and insert new one.
[INFO ]12:31:18 dashboard_service.go:98: Dashboard Summery 1. invokeNum = 0, totalInvokeNum = 37, UV = 0, totalUV = 1, matterNum = 0, totalMatterNum = 1
[INFO ]12:31:18 dashboard_service.go:101: Dashboard Summery 2. matterSize = 0, totalMatterSize = 212703, cacheSize = 0, totalCacheSize = 0, avgCost = 0
[INFO ]12:31:18 dashboard_service.go:72: ETL dashboard data from 2023-07-06 00:00:00 to 2023-07-06 23:59:59
[INFO ]12:31:18 dashboard_service.go:98: Dashboard Summery 1. invokeNum = 0, totalInvokeNum = 37, UV = 0, totalUV = 1, matterNum = 0, totalMatterNum = 1
[INFO ]12:31:18 dashboard_service.go:101: Dashboard Summery 2. matterSize = 0, totalMatterSize = 212703, cacheSize = 0, totalCacheSize = 0, avgCost = 0
[INFO ]12:36:18 footprint_service.go:107: Delete footprint data before 2023-06-28 00:00:00
[INFO ]13:26:18 matter_service.go:1309: Clean xuejian 's deleted matters
[INFO ]18:34:52 tank_logger.go:34: [cron job] Every day 00:00 maintain log file.
[WARN ]18:34:53 tank_config.go:139: read config file /Users/xuejian/GolandProjects/tank_master/tmp/conf/tank.json
[INFO ]18:34:53 tank_config.go:171: use config file: /Users/xuejian/GolandProjects/tank_master/tmp/conf/tank.json
[INFO ]18:34:53 tank_config.go:172: file storage location: /Users/xuejian/GolandProjects/tank_master/tmp/matter
[INFO ]18:34:53 dashboard_service.go:51: Immediately ETL dashboard data.
[INFO ]18:34:53 footprint_service.go:96: Immediately delete Footprint data of 8 days ago.
[INFO ]18:34:53 task_service.go:65: [cron job] Every day 00:10 delete Footprint data of 8 days ago.
[INFO ]18:34:53 task_service.go:77: [cron job] Everyday 00:05 ETL dashboard data.
[INFO ]18:34:53 dashboard_service.go:72: ETL dashboard data from 2023-07-05 00:00:00 to 2023-07-05 23:59:59
[INFO ]18:34:53 footprint_service.go:107: Delete footprint data before 2023-06-28 00:00:00
[INFO ]18:34:53 task_service.go:89: [cron job] Everyday 01:00 Clean deleted matters.
[INFO ]18:34:53 dashboard_service.go:77:  2023-07-05 already exits. delete it and insert new one.
[INFO ]18:34:53 task_service.go:170: scan task not enabled.
[INFO ]18:34:53 tank_application.go:153: App started at http://localhost:6010
[INFO ]18:34:53 dashboard_service.go:98: Dashboard Summery 1. invokeNum = 0, totalInvokeNum = 37, UV = 0, totalUV = 1, matterNum = 0, totalMatterNum = 1
[INFO ]18:34:53 dashboard_service.go:101: Dashboard Summery 2. matterSize = 0, totalMatterSize = 212703, cacheSize = 0, totalCacheSize = 0, avgCost = 0
[INFO ]18:34:53 dashboard_service.go:72: ETL dashboard data from 2023-07-06 00:00:00 to 2023-07-06 23:59:59
[INFO ]18:34:53 dashboard_service.go:77:  2023-07-06 already exits. delete it and insert new one.
[INFO ]18:34:53 dashboard_service.go:98: Dashboard Summery 1. invokeNum = 0, totalInvokeNum = 37, UV = 0, totalUV = 1, matterNum = 0, totalMatterNum = 1
[INFO ]18:34:53 dashboard_service.go:101: Dashboard Summery 2. matterSize = 0, totalMatterSize = 212703, cacheSize = 0, totalCacheSize = 0, avgCost = 0
[INFO ]18:35:04 footprint_service.go:90: Ip:[ Cost:45 Uri:/api/preference/fetch Params:{}
[INFO ]18:35:05 footprint_service.go:90: Ip:[ Cost:0 Uri:/api/user/info Params:{}
[INFO ]18:35:05 footprint_service.go:90: Ip:[ Cost:32 Uri:/api/matter/page Params:{"deleted":["false"],"orderCreateTime":["DESC"],"orderDir":["DESC"],"page":["0"],"pageSize":["500"],"puuid":["root"]}
[INFO ]18:35:16 footprint_service.go:90: Ip:[ Cost:6 Uri:/api/user/detail Params:{"uuid":["226bb1a4-5577-499d-4818-0256c6531539"]}
[INFO ]18:35:22 footprint_service.go:90: Ip:[ Cost:49 Uri:/api/user/transfiguration Params:{"uuid":["226bb1a4-5577-499d-4818-0256c6531539"]}
[INFO ]18:36:11 footprint_service.go:90: Ip:[ Cost:8 Uri:/api/matter/page Params:{"deleted":["false"],"orderCreateTime":["DESC"],"orderDir":["DESC"],"page":["0"],"pageSize":["500"],"puuid":["root"]}
[INFO ]20:23:23 tank_logger.go:34: [cron job] Every day 00:00 maintain log file.
[WARN ]20:23:23 tank_config.go:139: read config file /Users/xuejian/GolandProjects/tank_master/tmp/conf/tank.json
[INFO ]20:23:23 tank_config.go:171: use config file: /Users/xuejian/GolandProjects/tank_master/tmp/conf/tank.json
[INFO ]20:23:23 tank_config.go:172: file storage location: /Users/xuejian/GolandProjects/tank_master/tmp/matter
[INFO ]20:23:23 task_service.go:65: [cron job] Every day 00:10 delete Footprint data of 8 days ago.
[INFO ]20:23:23 task_service.go:77: [cron job] Everyday 00:05 ETL dashboard data.
[INFO ]20:23:23 task_service.go:89: [cron job] Everyday 01:00 Clean deleted matters.
[INFO ]20:23:23 task_service.go:170: scan task not enabled.
[INFO ]20:23:23 footprint_service.go:96: Immediately delete Footprint data of 8 days ago.
[INFO ]20:23:23 dashboard_service.go:51: Immediately ETL dashboard data.
[INFO ]20:23:23 tank_application.go:153: App started at http://localhost:6010
[INFO ]20:23:23 dashboard_service.go:72: ETL dashboard data from 2023-07-05 00:00:00 to 2023-07-05 23:59:59
[INFO ]20:23:23 footprint_service.go:107: Delete footprint data before 2023-06-28 00:00:00
[INFO ]20:23:23 dashboard_service.go:77:  2023-07-05 already exits. delete it and insert new one.
[INFO ]20:23:23 dashboard_service.go:98: Dashboard Summery 1. invokeNum = 0, totalInvokeNum = 43, UV = 0, totalUV = 1, matterNum = 0, totalMatterNum = 1
[INFO ]20:23:23 dashboard_service.go:101: Dashboard Summery 2. matterSize = 0, totalMatterSize = 212703, cacheSize = 0, totalCacheSize = 0, avgCost = 0
[INFO ]20:23:23 dashboard_service.go:72: ETL dashboard data from 2023-07-06 00:00:00 to 2023-07-06 23:59:59
[INFO ]20:23:23 dashboard_service.go:77:  2023-07-06 already exits. delete it and insert new one.
[INFO ]20:23:24 dashboard_service.go:98: Dashboard Summery 1. invokeNum = 6, totalInvokeNum = 43, UV = 1, totalUV = 1, matterNum = 0, totalMatterNum = 1
[INFO ]20:23:24 dashboard_service.go:101: Dashboard Summery 2. matterSize = 0, totalMatterSize = 212703, cacheSize = 0, totalCacheSize = 0, avgCost = 23
[INFO ]20:23:38 footprint_service.go:90: Ip:[ Cost:50 Uri:/api/preference/fetch Params:{}
[INFO ]20:23:39 footprint_service.go:90: Ip:[ Cost:0 Uri:/api/user/info Params:{}
[INFO ]20:23:40 footprint_service.go:90: Ip:[ Cost:16 Uri:/api/matter/page Params:{"deleted":["false"],"orderCreateTime":["DESC"],"orderDir":["DESC"],"page":["0"],"pageSize":["500"],"puuid":["root"]}
[INFO ]20:23:42 footprint_service.go:90: Ip:[ Cost:3 Uri:/api/matter/page Params:{"deleted":["false"],"orderCreateTime":["DESC"],"orderDir":["DESC"],"page":["0"],"pageSize":["500"],"puuid":["root"]}
[INFO ]20:23:43 footprint_service.go:90: Ip:[ Cost:6 Uri:/api/matter/page Params:{"deleted":["false"],"orderCreateTime":["DESC"],"orderDir":["DESC"],"page":["0"],"pageSize":["500"],"puuid":["root"]}
[INFO ]20:23:44 footprint_service.go:90: Ip:[ Cost:9 Uri:/api/matter/page Params:{"deleted":["false"],"orderCreateTime":["DESC"],"orderDir":["DESC"],"page":["0"],"pageSize":["500"],"puuid":["root"]}
[INFO ]20:23:45 footprint_service.go:90: Ip:[ Cost:10 Uri:/api/matter/page Params:{"deleted":["false"],"orderCreateTime":["DESC"],"orderDir":["DESC"],"page":["0"],"pageSize":["500"],"puuid":["root"]}
[INFO ]13:02:28 footprint_service.go:90: Ip:[ Cost:544 Uri:/api/share/page Params:{"page":["0"],"pageSize":["500"]}
[INFO ]13:02:28 footprint_service.go:90: Ip:[ Cost:45 Uri:/api/matter/page Params:{"deleted":["true"],"orderDeleteTime":["DESC"],"orderDir":["DESC"],"page":["0"],"pageSize":["500"]}
[INFO ]13:02:30 footprint_service.go:90: Ip:[ Cost:16 Uri:/api/preference/fetch Params:{}
[INFO ]13:02:45 footprint_service.go:90: Ip:[ Cost:158 Uri:/api/dashboard/page Params:{"orderDt":["DESC"],"page":["0"],"pageSize":["15"]}
[INFO ]13:02:45 footprint_service.go:90: Ip:[ Cost:150 Uri:/api/matter/page Params:{"orderTimes":["DESC"],"page":["0"],"pageSize":["10"]}
[INFO ]13:02:45 footprint_service.go:90: Ip:[ Cost:203 Uri:/api/dashboard/active/ip/top10 Params:{}
[INFO ]13:02:50 footprint_service.go:90: Ip:[ Cost:68 Uri:/api/user/page Params:{"orderCreateTime":["DESC"],"page":["0"],"pageSize":["10"]}
[WARN ]13:02:53 base_bean.go:49: cache item doesn't exist with sessionId = de24be63-6c2e-4e2d-6a31-cec3f3488ef3
[INFO ]13:02:53 footprint_service.go:90: Ip:[ Cost:63 Uri:/api/user/logout Params:{}
[ERROR]13:03:07 tank_router.go:98: panic on user_controller.go:115 用户名或密码错误
[INFO ]13:03:07 footprint_service.go:90: Ip:[ Cost:595 Uri:/api/user/login Params:{"password":["******"],"username":["xuejian"]}
[ERROR]13:03:23 tank_router.go:98: panic on user_controller.go:115 用户名或密码错误
[INFO ]13:03:23 footprint_service.go:90: Ip:[ Cost:131 Uri:/api/user/login Params:{"password":["******"],"username":["xuejian"]}
[ERROR]13:04:18 tank_router.go:98: panic on user_controller.go:115 用户名或密码错误
[INFO ]13:04:18 footprint_service.go:90: Ip:[ Cost:291 Uri:/api/user/login Params:{"password":["******"],"username":["xuejian"]}
[ERROR]13:04:27 tank_router.go:98: panic on user_controller.go:115 用户名或密码错误
[INFO ]13:04:27 footprint_service.go:90: Ip:[ Cost:118 Uri:/api/user/login Params:{"password":["******"],"username":["xuejian"]}
[INFO ]13:05:10 footprint_service.go:90: Ip:[ Cost:463 Uri:/api/user/login Params:{"password":["******"],"username":["xuejian"]}
[INFO ]13:05:11 footprint_service.go:90: Ip:[ Cost:21 Uri:/api/matter/page Params:{"deleted":["false"],"orderCreateTime":["DESC"],"orderDir":["DESC"],"page":["0"],"pageSize":["500"],"puuid":["root"]}
[INFO ]13:09:14 tank_logger.go:89: maintain log
